This file contains any messages produced by compilers while
running configure, to aid debugging if configure makes a mistake.

It was created by scws configure 1.2.1, which was
generated by GNU Autoconf 2.68.  Invocation command line was

  $ ./configure 

## --------- ##
## Platform. ##
## --------- ##

hostname = DMBP.local
uname -m = x86_64
uname -r = 15.3.0
uname -s = Darwin
uname -v = Darwin Kernel Version 15.3.0: Thu Dec 10 18:40:58 PST 2015; root:xnu-3248.30.4~1/RELEASE_X86_64

/usr/bin/uname -p = i386
/bin/uname -X     = unknown

/bin/arch              = unknown
/usr/bin/arch -k       = unknown
/usr/convex/getsysinfo = unknown
/usr/bin/hostinfo      = Mach kernel version:
	 Darwin Kernel Version 15.3.0: Thu Dec 10 18:40:58 PST 2015; root:xnu-3248.30.4~1/RELEASE_X86_64
Kernel configured for up to 8 processors.
4 processors are physically available.
8 processors are logically available.
Processor type: x86_64h (Intel x86-64h Haswell)
Processors active: 0 1 2 3 4 5 6 7
Primary memory available: 32.00 gigabytes
Default processor set: 334 tasks, 2299 threads, 8 processors
Load average: 3.47, Mach factor: 4.52
/bin/machine           = unknown
/usr/bin/oslevel       = unknown
/bin/universe          = unknown

PATH: /Users/xiadan/.rbenv/bin
PATH: /Users/xiadan/.pyenv/bin
PATH: /Users/xiadan/anaconda3/bin
PATH: /Users/xiadan/bin
PATH: /usr/local/bin
PATH: /usr/bin
PATH: /bin
PATH: /usr/sbin
PATH: /sbin
PATH: /opt/X11/bin
PATH: /Users/xiadan/.gem/ruby/1.8/bin
PATH: /opt/nginx/sbin
PATH: /Users/xiadan/.bash_it/plugins/available/todo


## ----------- ##
## Core tests. ##
## ----------- ##

configure:2548: checking for a BSD-compatible install
configure:2616: result: /usr/bin/install -c
configure:2627: checking whether build environment is sane
configure:2664: result: yes
configure:2689: checking for a thread-safe mkdir -p
configure:2728: result: ./install-sh -c -d
configure:2741: checking for gawk
configure:2771: result: no
configure:2741: checking for mawk
configure:2771: result: no
configure:2741: checking for nawk
configure:2771: result: no
configure:2741: checking for awk
configure:2757: found /usr/bin/awk
configure:2768: result: awk
configure:2779: checking whether make sets $(MAKE)
configure:2801: result: yes
configure:3043: checking for gcc
configure:3059: found /usr/bin/gcc
configure:3070: result: gcc
configure:3299: checking for C compiler version
configure:3308: gcc --version >&5
Apple LLVM version 7.0.2 (clang-700.1.81)
Target: x86_64-apple-darwin15.3.0
Thread model: posix
Configured with: --prefix=/Applications/Xcode.app/Contents/Developer/usr --with-gxx-include-dir=/Applications/Xcode.app/Contents/Developer/Platforms/MacOSX.platform/Developer/SDKs/MacOSX10.11.sdk/usr/include/c++/4.2.1
configure:3319: $? = 0
configure:3308: gcc -v >&5
Configured with: --prefix=/Applications/Xcode.app/Contents/Developer/usr --with-gxx-include-dir=/Applications/Xcode.app/Contents/Developer/Platforms/MacOSX.platform/Developer/SDKs/MacOSX10.11.sdk/usr/include/c++/4.2.1
Apple LLVM version 7.0.2 (clang-700.1.81)
Target: x86_64-apple-darwin15.3.0
Thread model: posix
configure:3319: $? = 0
configure:3308: gcc -V >&5
clang: error: argument to '-V' is missing (expected 1 value)
clang: error: no input files
configure:3319: $? = 1
configure:3308: gcc -qversion >&5
clang: error: unknown argument: '-qversion'
clang: error: no input files
configure:3319: $? = 1
configure:3339: checking whether the C compiler works
configure:3361: gcc    conftest.c  >&5
configure:3365: $? = 0
configure:3413: result: yes
configure:3416: checking for C compiler default output file name
configure:3418: result: a.out
configure:3424: checking for suffix of executables
configure:3431: gcc -o conftest    conftest.c  >&5
configure:3435: $? = 0
configure:3457: result: 
configure:3479: checking whether we are cross compiling
configure:3487: gcc -o conftest    conftest.c  >&5
configure:3491: $? = 0
configure:3498: ./conftest
configure:3502: $? = 0
configure:3517: result: no
configure:3522: checking for suffix of object files
configure:3544: gcc -c   conftest.c >&5
configure:3548: $? = 0
configure:3569: result: o
configure:3573: checking whether we are using the GNU C compiler
configure:3592: gcc -c   conftest.c >&5
configure:3592: $? = 0
configure:3601: result: yes
configure:3610: checking whether gcc accepts -g
configure:3630: gcc -c -g  conftest.c >&5
configure:3630: $? = 0
configure:3671: result: yes
configure:3688: checking for gcc option to accept ISO C89
configure:3752: gcc  -c -g -O2  conftest.c >&5
configure:3752: $? = 0
configure:3765: result: none needed
configure:3796: checking for style of include used by make
configure:3824: result: GNU
configure:3849: checking dependency style of gcc
configure:3940: result: gcc3
configure:3955: checking for a sed that does not truncate output
configure:4019: result: /usr/bin/sed
configure:4025: checking whether ln -s works
configure:4029: result: yes
configure:4036: checking whether make sets $(MAKE)
configure:4058: result: yes
configure:4127: checking build system type
configure:4141: result: i386-apple-darwin15.3.0
configure:4161: checking host system type
configure:4174: result: i386-apple-darwin15.3.0
configure:4194: checking for a sed that does not truncate output
configure:4258: result: /usr/bin/sed
configure:4276: checking for grep that handles long lines and -e
configure:4334: result: /usr/bin/grep
configure:4339: checking for egrep
configure:4401: result: /usr/bin/grep -E
configure:4406: checking for fgrep
configure:4468: result: /usr/bin/grep -F
configure:4503: checking for ld used by gcc
configure:4570: result: /Applications/Xcode.app/Contents/Developer/Toolchains/XcodeDefault.xctoolchain/usr/bin/ld
configure:4577: checking if the linker (/Applications/Xcode.app/Contents/Developer/Toolchains/XcodeDefault.xctoolchain/usr/bin/ld) is GNU ld
configure:4592: result: no
configure:4604: checking for BSD- or MS-compatible name lister (nm)
configure:4653: result: /usr/bin/nm
configure:4771: checking the name lister (/usr/bin/nm) interface
configure:4778: gcc -c -g -O2  conftest.c >&5
configure:4781: /usr/bin/nm "conftest.o"
configure:4784: output
00000000000001e8 S _some_variable
configure:4791: result: BSD nm
configure:4795: checking the maximum length of command line arguments
configure:4915: result: 196608
configure:4932: checking whether the shell understands some XSI constructs
configure:4942: result: yes
configure:4946: checking whether the shell understands "+="
configure:4952: result: yes
configure:4987: checking for /Applications/Xcode.app/Contents/Developer/Toolchains/XcodeDefault.xctoolchain/usr/bin/ld option to reload object files
configure:4994: result: -r
configure:5021: checking how to recognize dependent libraries
configure:5211: result: pass_all
configure:5271: checking for ar
configure:5287: found /usr/bin/ar
configure:5298: result: ar
configure:5376: checking for strip
configure:5392: found /usr/bin/strip
configure:5403: result: strip
configure:5475: checking for ranlib
configure:5491: found /usr/bin/ranlib
configure:5502: result: ranlib
configure:5592: checking command to parse /usr/bin/nm output from gcc object
configure:5710: gcc -c -g -O2  conftest.c >&5
configure:5713: $? = 0
configure:5717: /usr/bin/nm conftest.o \| sed -n -e 's/^.*[	 ]\([BCDEGRST][BCDEGRST]*\)[	 ][	 ]*\([_A-Za-z][_A-Za-z0-9]*\)$/\1 \2 \2/p' \> conftest.nm
configure:5720: $? = 0
cannot find nm_test_var in conftest.nm
configure:5710: gcc -c -g -O2  conftest.c >&5
configure:5713: $? = 0
configure:5717: /usr/bin/nm conftest.o \| sed -n -e 's/^.*[	 ]\([BCDEGRST][BCDEGRST]*\)[	 ][	 ]*_\([_A-Za-z][_A-Za-z0-9]*\)$/\1 _\2 \2/p' \> conftest.nm
configure:5720: $? = 0
configure:5774: gcc -o conftest -g -O2   conftest.c conftstm.o >&5
warning: (x86_64)  could not find object file symbol for symbol _main
configure:5777: $? = 0
configure:5815: result: ok
configure:6080: checking for dsymutil
configure:6096: found /usr/bin/dsymutil
configure:6107: result: dsymutil
configure:6172: checking for nmedit
configure:6188: found /usr/bin/nmedit
configure:6199: result: nmedit
configure:6264: checking for lipo
configure:6280: found /usr/bin/lipo
configure:6291: result: lipo
configure:6356: checking for otool
configure:6372: found /usr/bin/otool
configure:6383: result: otool
configure:6448: checking for otool64
configure:6478: result: no
configure:6523: checking for -single_module linker flag
gcc -g -O2  -o libconftest.dylib -dynamiclib -Wl,-single_module conftest.c
configure:6550: result: yes
configure:6552: checking for -exported_symbols_list linker flag
configure:6572: gcc -o conftest -g -O2   -Wl,-exported_symbols_list,conftest.sym conftest.c  >&5
configure:6572: $? = 0
configure:6582: result: yes
configure:6624: checking how to run the C preprocessor
configure:6655: gcc -E  conftest.c
configure:6655: $? = 0
configure:6669: gcc -E  conftest.c
conftest.c:11:10: fatal error: 'ac_nonexistent.h' file not found
#include <ac_nonexistent.h>
         ^
1 error generated.
configure:6669: $? = 1
configure: failed program was:
| /* confdefs.h */
| #define PACKAGE_NAME "scws"
| #define PACKAGE_TARNAME "scws"
| #define PACKAGE_VERSION "1.2.1"
| #define PACKAGE_STRING "scws 1.2.1"
| #define PACKAGE_BUGREPORT "http://www.xunsearch.com/scws"
| #define PACKAGE_URL ""
| #define PACKAGE "scws"
| #define VERSION "1.2.1"
| /* end confdefs.h.  */
| #include <ac_nonexistent.h>
configure:6694: result: gcc -E
configure:6714: gcc -E  conftest.c
configure:6714: $? = 0
configure:6728: gcc -E  conftest.c
conftest.c:11:10: fatal error: 'ac_nonexistent.h' file not found
#include <ac_nonexistent.h>
         ^
1 error generated.
configure:6728: $? = 1
configure: failed program was:
| /* confdefs.h */
| #define PACKAGE_NAME "scws"
| #define PACKAGE_TARNAME "scws"
| #define PACKAGE_VERSION "1.2.1"
| #define PACKAGE_STRING "scws 1.2.1"
| #define PACKAGE_BUGREPORT "http://www.xunsearch.com/scws"
| #define PACKAGE_URL ""
| #define PACKAGE "scws"
| #define VERSION "1.2.1"
| /* end confdefs.h.  */
| #include <ac_nonexistent.h>
configure:6757: checking for ANSI C header files
configure:6777: gcc -c -g -O2  conftest.c >&5
configure:6777: $? = 0
configure:6850: gcc -o conftest -g -O2   conftest.c  >&5
configure:6850: $? = 0
configure:6850: ./conftest
configure:6850: $? = 0
configure:6861: result: yes
configure:6874: checking for sys/types.h
configure:6874: gcc -c -g -O2  conftest.c >&5
configure:6874: $? = 0
configure:6874: result: yes
configure:6874: checking for sys/stat.h
configure:6874: gcc -c -g -O2  conftest.c >&5
configure:6874: $? = 0
configure:6874: result: yes
configure:6874: checking for stdlib.h
configure:6874: gcc -c -g -O2  conftest.c >&5
configure:6874: $? = 0
configure:6874: result: yes
configure:6874: checking for string.h
configure:6874: gcc -c -g -O2  conftest.c >&5
configure:6874: $? = 0
configure:6874: result: yes
configure:6874: checking for memory.h
configure:6874: gcc -c -g -O2  conftest.c >&5
configure:6874: $? = 0
configure:6874: result: yes
configure:6874: checking for strings.h
configure:6874: gcc -c -g -O2  conftest.c >&5
configure:6874: $? = 0
configure:6874: result: yes
configure:6874: checking for inttypes.h
configure:6874: gcc -c -g -O2  conftest.c >&5
configure:6874: $? = 0
configure:6874: result: yes
configure:6874: checking for stdint.h
configure:6874: gcc -c -g -O2  conftest.c >&5
configure:6874: $? = 0
configure:6874: result: yes
configure:6874: checking for unistd.h
configure:6874: gcc -c -g -O2  conftest.c >&5
configure:6874: $? = 0
configure:6874: result: yes
configure:6888: checking for dlfcn.h
configure:6888: gcc -c -g -O2  conftest.c >&5
configure:6888: $? = 0
configure:6888: result: yes
configure:7042: checking for objdir
configure:7057: result: .libs
configure:7349: checking if gcc supports -fno-rtti -fno-exceptions
configure:7367: gcc -c -g -O2  -fno-rtti -fno-exceptions conftest.c >&5
configure:7371: $? = 0
configure:7384: result: yes
configure:7404: checking for gcc option to produce PIC
configure:7661: result: -fno-common -DPIC
configure:7673: checking if gcc PIC flag -fno-common -DPIC works
configure:7691: gcc -c -g -O2  -fno-common -DPIC -DPIC conftest.c >&5
configure:7695: $? = 0
configure:7708: result: yes
configure:7732: checking if gcc static flag -static works
configure:7760: result: no
configure:7775: checking if gcc supports -c -o file.o
configure:7796: gcc -c -g -O2  -o out/conftest2.o conftest.c >&5
configure:7800: $? = 0
configure:7822: result: yes
configure:7830: checking if gcc supports -c -o file.o
configure:7877: result: yes
configure:7910: checking whether the gcc linker (/Applications/Xcode.app/Contents/Developer/Toolchains/XcodeDefault.xctoolchain/usr/bin/ld) supports shared libraries
configure:8888: result: yes
configure:9127: checking dynamic linker characteristics
configure:9778: result: darwin15.3.0 dyld
configure:9880: checking how to hardcode library paths into programs
configure:9905: result: immediate
configure:10433: checking whether stripping libraries is possible
configure:10447: result: yes
configure:10473: checking if libtool supports shared libraries
configure:10475: result: yes
configure:10478: checking whether to build shared libraries
configure:10499: result: yes
configure:10502: checking whether to build static libraries
configure:10506: result: no
configure:10576: checking for logf in -lm
configure:10601: gcc -o conftest -g -O2   conftest.c -lm   >&5
conftest.c:30:6: warning: incompatible redeclaration of library function 'logf' [-Wincompatible-library-redeclaration]
char logf ();
     ^
conftest.c:30:6: note: 'logf' is a builtin with type 'float (float)'
1 warning generated.
configure:10601: $? = 0
configure:10610: result: yes
configure:10628: checking fcntl.h usability
configure:10628: gcc -c -g -O2  conftest.c >&5
configure:10628: $? = 0
configure:10628: result: yes
configure:10628: checking fcntl.h presence
configure:10628: gcc -E  conftest.c
configure:10628: $? = 0
configure:10628: result: yes
configure:10628: checking for fcntl.h
configure:10628: result: yes
configure:10628: checking netinet/in.h usability
configure:10628: gcc -c -g -O2  conftest.c >&5
configure:10628: $? = 0
configure:10628: result: yes
configure:10628: checking netinet/in.h presence
configure:10628: gcc -E  conftest.c
configure:10628: $? = 0
configure:10628: result: yes
configure:10628: checking for netinet/in.h
configure:10628: result: yes
configure:10628: checking math.h usability
configure:10628: gcc -c -g -O2  conftest.c >&5
configure:10628: $? = 0
configure:10628: result: yes
configure:10628: checking math.h presence
configure:10628: gcc -E  conftest.c
configure:10628: $? = 0
configure:10628: result: yes
configure:10628: checking for math.h
configure:10628: result: yes
configure:10628: checking for stdlib.h
configure:10628: result: yes
configure:10628: checking for string.h
configure:10628: result: yes
configure:10628: checking sys/file.h usability
configure:10628: gcc -c -g -O2  conftest.c >&5
configure:10628: $? = 0
configure:10628: result: yes
configure:10628: checking sys/file.h presence
configure:10628: gcc -E  conftest.c
configure:10628: $? = 0
configure:10628: result: yes
configure:10628: checking for sys/file.h
configure:10628: result: yes
configure:10628: checking sys/param.h usability
configure:10628: gcc -c -g -O2  conftest.c >&5
configure:10628: $? = 0
configure:10628: result: yes
configure:10628: checking sys/param.h presence
configure:10628: gcc -E  conftest.c
configure:10628: $? = 0
configure:10628: result: yes
configure:10628: checking for sys/param.h
configure:10628: result: yes
configure:10628: checking sys/time.h usability
configure:10628: gcc -c -g -O2  conftest.c >&5
configure:10628: $? = 0
configure:10628: result: yes
configure:10628: checking sys/time.h presence
configure:10628: gcc -E  conftest.c
configure:10628: $? = 0
configure:10628: result: yes
configure:10628: checking for sys/time.h
configure:10628: result: yes
configure:10628: checking for unistd.h
configure:10628: result: yes
configure:10640: checking for an ANSI C-conforming const
configure:10705: gcc -c -g -O2  conftest.c >&5
configure:10705: $? = 0
configure:10712: result: yes
configure:10720: checking for inline
configure:10736: gcc -c -g -O2  conftest.c >&5
configure:10736: $? = 0
configure:10744: result: inline
configure:10762: checking whether time.h and sys/time.h may both be included
configure:10782: gcc -c -g -O2  conftest.c >&5
configure:10782: $? = 0
configure:10789: result: yes
configure:10801: checking size of int
configure:10806: gcc -o conftest -g -O2   conftest.c -lm  >&5
configure:10806: $? = 0
configure:10806: ./conftest
configure:10806: $? = 0
configure:10820: result: 4
configure:10835: checking size of float
configure:10840: gcc -o conftest -g -O2   conftest.c -lm  >&5
configure:10840: $? = 0
configure:10840: ./conftest
configure:10840: $? = 0
configure:10854: result: 4
configure:10866: checking for struct flock
configure:10887: gcc -c -g -O2  conftest.c >&5
configure:10887: $? = 0
configure:10897: result: 
configure:10901: checking whether lstat correctly handles trailing slash
configure:10927: gcc -o conftest -g -O2   conftest.c -lm  >&5
configure:10927: $? = 0
configure:10927: ./conftest
configure:10927: $? = 1
configure: program exited with status 1
configure: failed program was:
| /* confdefs.h */
| #define PACKAGE_NAME "scws"
| #define PACKAGE_TARNAME "scws"
| #define PACKAGE_VERSION "1.2.1"
| #define PACKAGE_STRING "scws 1.2.1"
| #define PACKAGE_BUGREPORT "http://www.xunsearch.com/scws"
| #define PACKAGE_URL ""
| #define PACKAGE "scws"
| #define VERSION "1.2.1"
| #define STDC_HEADERS 1
| #define HAVE_SYS_TYPES_H 1
| #define HAVE_SYS_STAT_H 1
| #define HAVE_STDLIB_H 1
| #define HAVE_STRING_H 1
| #define HAVE_MEMORY_H 1
| #define HAVE_STRINGS_H 1
| #define HAVE_INTTYPES_H 1
| #define HAVE_STDINT_H 1
| #define HAVE_UNISTD_H 1
| #define HAVE_DLFCN_H 1
| #define LT_OBJDIR ".libs/"
| #define HAVE_LIBM 1
| #define HAVE_FCNTL_H 1
| #define HAVE_NETINET_IN_H 1
| #define HAVE_MATH_H 1
| #define HAVE_STDLIB_H 1
| #define HAVE_STRING_H 1
| #define HAVE_SYS_FILE_H 1
| #define HAVE_SYS_PARAM_H 1
| #define HAVE_SYS_TIME_H 1
| #define HAVE_UNISTD_H 1
| #define TIME_WITH_SYS_TIME 1
| #define SIZEOF_INT 4
| #define SIZEOF_FLOAT 4
| #define HAVE_STRUCT_FLOCK 1
| /* end confdefs.h.  */
| #include <stdio.h>
| #ifdef HAVE_SYS_TYPES_H
| # include <sys/types.h>
| #endif
| #ifdef HAVE_SYS_STAT_H
| # include <sys/stat.h>
| #endif
| #ifdef STDC_HEADERS
| # include <stdlib.h>
| # include <stddef.h>
| #else
| # ifdef HAVE_STDLIB_H
| #  include <stdlib.h>
| # endif
| #endif
| #ifdef HAVE_STRING_H
| # if !defined STDC_HEADERS && defined HAVE_MEMORY_H
| #  include <memory.h>
| # endif
| # include <string.h>
| #endif
| #ifdef HAVE_STRINGS_H
| # include <strings.h>
| #endif
| #ifdef HAVE_INTTYPES_H
| # include <inttypes.h>
| #endif
| #ifdef HAVE_STDINT_H
| # include <stdint.h>
| #endif
| #ifdef HAVE_UNISTD_H
| # include <unistd.h>
| #endif
| int
| main ()
| {
| struct stat sbuf;
|      /* Linux will dereference the symlink and fail, as required by POSIX.
| 	That is better in the sense that it means we will not
| 	have to compile and use the lstat wrapper.  */
|      return lstat ("conftest.sym/", &sbuf) == 0;
|   ;
|   return 0;
| }
configure:10944: result: no
configure:10963: checking whether lstat accepts an empty string
configure:10983: gcc -o conftest -g -O2   conftest.c -lm  >&5
configure:10983: $? = 0
configure:10983: ./conftest
configure:10983: $? = 0
configure:10993: result: no
configure:11009: checking whether lstat correctly handles trailing slash
configure:11052: result: no
configure:11077: checking for stdlib.h
configure:11077: result: yes
configure:11077: checking for unistd.h
configure:11077: result: yes
configure:11077: checking for sys/param.h
configure:11077: result: yes
configure:11097: checking for getpagesize
configure:11097: gcc -o conftest -g -O2   conftest.c -lm  >&5
configure:11097: $? = 0
configure:11097: result: yes
configure:11106: checking for working mmap
configure:11253: gcc -o conftest -g -O2   conftest.c -lm  >&5
configure:11253: $? = 0
configure:11253: ./conftest
configure:11253: $? = 0
configure:11263: result: yes
configure:11272: checking for working memcmp
configure:11315: gcc -o conftest -g -O2   conftest.c -lm  >&5
configure:11315: $? = 0
configure:11315: ./conftest
configure:11315: $? = 0
configure:11325: result: yes
configure:11337: checking for flock
configure:11337: gcc -o conftest -g -O2   conftest.c -lm  >&5
configure:11337: $? = 0
configure:11337: result: yes
configure:11337: checking for gettimeofday
configure:11337: gcc -o conftest -g -O2   conftest.c -lm  >&5
configure:11337: $? = 0
configure:11337: result: yes
configure:11337: checking for malloc
configure:11337: gcc -o conftest -g -O2   conftest.c -lm  >&5
conftest.c:67:6: warning: incompatible redeclaration of library function 'malloc' [-Wincompatible-library-redeclaration]
char malloc ();
     ^
conftest.c:67:6: note: 'malloc' is a builtin with type 'void *(unsigned long)'
1 warning generated.
configure:11337: $? = 0
configure:11337: result: yes
configure:11337: checking for memset
configure:11337: gcc -o conftest -g -O2   conftest.c -lm  >&5
conftest.c:68:6: warning: incompatible redeclaration of library function 'memset' [-Wincompatible-library-redeclaration]
char memset ();
     ^
conftest.c:68:6: note: 'memset' is a builtin with type 'void *(void *, int, unsigned long)'
1 warning generated.
configure:11337: $? = 0
configure:11337: result: yes
configure:11337: checking for munmap
configure:11337: gcc -o conftest -g -O2   conftest.c -lm  >&5
configure:11337: $? = 0
configure:11337: result: yes
configure:11337: checking for pow
configure:11337: gcc -o conftest -g -O2   conftest.c -lm  >&5
conftest.c:70:6: warning: incompatible redeclaration of library function 'pow' [-Wincompatible-library-redeclaration]
char pow ();
     ^
conftest.c:70:6: note: 'pow' is a builtin with type 'double (double, double)'
1 warning generated.
configure:11337: $? = 0
configure:11337: result: yes
configure:11337: checking for realpath
configure:11337: gcc -o conftest -g -O2   conftest.c -lm  >&5
configure:11337: $? = 0
configure:11337: result: yes
configure:11337: checking for strcasecmp
configure:11337: gcc -o conftest -g -O2   conftest.c -lm  >&5
conftest.c:72:6: warning: incompatible redeclaration of library function 'strcasecmp' [-Wincompatible-library-redeclaration]
char strcasecmp ();
     ^
conftest.c:72:6: note: 'strcasecmp' is a builtin with type 'int (const char *, const char *)'
1 warning generated.
configure:11337: $? = 0
configure:11337: result: yes
configure:11337: checking for strchr
configure:11337: gcc -o conftest -g -O2   conftest.c -lm  >&5
conftest.c:73:6: warning: incompatible redeclaration of library function 'strchr' [-Wincompatible-library-redeclaration]
char strchr ();
     ^
conftest.c:73:6: note: 'strchr' is a builtin with type 'char *(const char *, int)'
1 warning generated.
configure:11337: $? = 0
configure:11337: result: yes
configure:11337: checking for strdup
configure:11337: gcc -o conftest -g -O2   conftest.c -lm  >&5
conftest.c:74:6: warning: incompatible redeclaration of library function 'strdup' [-Wincompatible-library-redeclaration]
char strdup ();
     ^
conftest.c:74:6: note: 'strdup' is a builtin with type 'char *(const char *)'
1 warning generated.
configure:11337: $? = 0
configure:11337: result: yes
configure:11337: checking for strrchr
configure:11337: gcc -o conftest -g -O2   conftest.c -lm  >&5
conftest.c:75:6: warning: incompatible redeclaration of library function 'strrchr' [-Wincompatible-library-redeclaration]
char strrchr ();
     ^
conftest.c:75:6: note: 'strrchr' is a builtin with type 'char *(const char *, int)'
1 warning generated.
configure:11337: $? = 0
configure:11337: result: yes
configure:11337: checking for strndup
configure:11337: gcc -o conftest -g -O2   conftest.c -lm  >&5
conftest.c:76:6: warning: incompatible redeclaration of library function 'strndup' [-Wincompatible-library-redeclaration]
char strndup ();
     ^
conftest.c:76:6: note: 'strndup' is a builtin with type 'char *(const char *, unsigned long)'
1 warning generated.
configure:11337: $? = 0
configure:11337: result: yes
configure:11337: checking for strtok_r
configure:11337: gcc -o conftest -g -O2   conftest.c -lm  >&5
configure:11337: $? = 0
configure:11337: result: yes
configure:11471: creating ./config.status

## ---------------------- ##
## Running config.status. ##
## ---------------------- ##

This file was extended by scws config.status 1.2.1, which was
generated by GNU Autoconf 2.68.  Invocation command line was

  CONFIG_FILES    = 
  CONFIG_HEADERS  = 
  CONFIG_LINKS    = 
  CONFIG_COMMANDS = 
  $ ./config.status 

on DMBP.local

config.status:1101: creating Makefile
config.status:1101: creating cli/Makefile
config.status:1101: creating etc/Makefile
config.status:1101: creating libscws/Makefile
config.status:1101: creating libscws/version.h
config.status:1101: creating config.h
config.status:1282: config.h is unchanged
config.status:1329: executing depfiles commands
config.status:1329: executing libtool commands

## ---------------- ##
## Cache variables. ##
## ---------------- ##

ac_cv_build=i386-apple-darwin15.3.0
ac_cv_c_compiler_gnu=yes
ac_cv_c_const=yes
ac_cv_c_inline=inline
ac_cv_env_CC_set=
ac_cv_env_CC_value=
ac_cv_env_CFLAGS_set=
ac_cv_env_CFLAGS_value=
ac_cv_env_CPPFLAGS_set=
ac_cv_env_CPPFLAGS_value=
ac_cv_env_CPP_set=
ac_cv_env_CPP_value=
ac_cv_env_LDFLAGS_set=
ac_cv_env_LDFLAGS_value=
ac_cv_env_LIBS_set=
ac_cv_env_LIBS_value=
ac_cv_env_build_alias_set=
ac_cv_env_build_alias_value=
ac_cv_env_host_alias_set=
ac_cv_env_host_alias_value=
ac_cv_env_target_alias_set=
ac_cv_env_target_alias_value=
ac_cv_func_flock=yes
ac_cv_func_getpagesize=yes
ac_cv_func_gettimeofday=yes
ac_cv_func_lstat_dereferences_slashed_symlink=no
ac_cv_func_lstat_empty_string_bug=no
ac_cv_func_malloc=yes
ac_cv_func_memcmp_working=yes
ac_cv_func_memset=yes
ac_cv_func_mmap_fixed_mapped=yes
ac_cv_func_munmap=yes
ac_cv_func_pow=yes
ac_cv_func_realpath=yes
ac_cv_func_strcasecmp=yes
ac_cv_func_strchr=yes
ac_cv_func_strdup=yes
ac_cv_func_strndup=yes
ac_cv_func_strrchr=yes
ac_cv_func_strtok_r=yes
ac_cv_header_dlfcn_h=yes
ac_cv_header_fcntl_h=yes
ac_cv_header_inttypes_h=yes
ac_cv_header_math_h=yes
ac_cv_header_memory_h=yes
ac_cv_header_netinet_in_h=yes
ac_cv_header_stdc=yes
ac_cv_header_stdint_h=yes
ac_cv_header_stdlib_h=yes
ac_cv_header_string_h=yes
ac_cv_header_strings_h=yes
ac_cv_header_sys_file_h=yes
ac_cv_header_sys_param_h=yes
ac_cv_header_sys_stat_h=yes
ac_cv_header_sys_time_h=yes
ac_cv_header_sys_types_h=yes
ac_cv_header_time=yes
ac_cv_header_unistd_h=yes
ac_cv_host=i386-apple-darwin15.3.0
ac_cv_lib_m_logf=yes
ac_cv_objext=o
ac_cv_path_EGREP='/usr/bin/grep -E'
ac_cv_path_FGREP='/usr/bin/grep -F'
ac_cv_path_GREP=/usr/bin/grep
ac_cv_path_SED=/usr/bin/sed
ac_cv_path_install='/usr/bin/install -c'
ac_cv_prog_AWK=awk
ac_cv_prog_CPP='gcc -E'
ac_cv_prog_ac_ct_AR=ar
ac_cv_prog_ac_ct_CC=gcc
ac_cv_prog_ac_ct_DSYMUTIL=dsymutil
ac_cv_prog_ac_ct_LIPO=lipo
ac_cv_prog_ac_ct_NMEDIT=nmedit
ac_cv_prog_ac_ct_OTOOL=otool
ac_cv_prog_ac_ct_RANLIB=ranlib
ac_cv_prog_ac_ct_STRIP=strip
ac_cv_prog_cc_c89=
ac_cv_prog_cc_g=yes
ac_cv_prog_make_make_set=yes
ac_cv_sizeof_float=4
ac_cv_sizeof_int=4
am_cv_CC_dependencies_compiler_type=gcc3
lt_cv_apple_cc_single_mod=yes
lt_cv_deplibs_check_method=pass_all
lt_cv_file_magic_cmd='$MAGIC_CMD'
lt_cv_file_magic_test_file=
lt_cv_ld_exported_symbols_list=yes
lt_cv_ld_reload_flag=-r
lt_cv_nm_interface='BSD nm'
lt_cv_objdir=.libs
lt_cv_path_LD=/Applications/Xcode.app/Contents/Developer/Toolchains/XcodeDefault.xctoolchain/usr/bin/ld
lt_cv_path_NM=/usr/bin/nm
lt_cv_prog_compiler_c_o=yes
lt_cv_prog_compiler_pic_works=yes
lt_cv_prog_compiler_rtti_exceptions=yes
lt_cv_prog_compiler_static_works=no
lt_cv_prog_gnu_ld=no
lt_cv_sys_global_symbol_pipe='sed -n -e '\''s/^.*[	 ]\([BCDEGRST][BCDEGRST]*\)[	 ][	 ]*_\([_A-Za-z][_A-Za-z0-9]*\)$/\1 _\2 \2/p'\'''
lt_cv_sys_global_symbol_to_c_name_address='sed -n -e '\''s/^: \([^ ]*\) $/  {\"\1\", (void *) 0},/p'\'' -e '\''s/^[BCDEGRST]* \([^ ]*\) \([^ ]*\)$/  {"\2", (void *) \&\2},/p'\'''
lt_cv_sys_global_symbol_to_c_name_address_lib_prefix='sed -n -e '\''s/^: \([^ ]*\) $/  {\"\1\", (void *) 0},/p'\'' -e '\''s/^[BCDEGRST]* \([^ ]*\) \(lib[^ ]*\)$/  {"\2", (void *) \&\2},/p'\'' -e '\''s/^[BCDEGRST]* \([^ ]*\) \([^ ]*\)$/  {"lib\2", (void *) \&\2},/p'\'''
lt_cv_sys_global_symbol_to_cdecl='sed -n -e '\''s/^T .* \(.*\)$/extern int \1();/p'\'' -e '\''s/^[BCDEGRST]* .* \(.*\)$/extern char \1;/p'\'''
lt_cv_sys_max_cmd_len=196608

## ----------------- ##
## Output variables. ##
## ----------------- ##

ACLOCAL='${SHELL} /Users/xiadan/scws-1.2.1/missing --run aclocal-1.10'
AMDEPBACKSLASH='\'
AMDEP_FALSE='#'
AMDEP_TRUE=''
AMTAR='${SHELL} /Users/xiadan/scws-1.2.1/missing --run tar'
AR='ar'
AUTOCONF='${SHELL} /Users/xiadan/scws-1.2.1/missing --run autoconf'
AUTOHEADER='${SHELL} /Users/xiadan/scws-1.2.1/missing --run autoheader'
AUTOMAKE='${SHELL} /Users/xiadan/scws-1.2.1/missing --run automake-1.10'
AWK='awk'
CC='gcc'
CCDEPMODE='depmode=gcc3'
CFLAGS='-g -O2'
CPP='gcc -E'
CPPFLAGS=''
CYGPATH_W='echo'
DEFS='-DHAVE_CONFIG_H'
DEPDIR='.deps'
DSYMUTIL='dsymutil'
DUMPBIN=''
ECHO_C='\c'
ECHO_N=''
ECHO_T=''
EGREP='/usr/bin/grep -E'
EXEEXT=''
FGREP='/usr/bin/grep -F'
GREP='/usr/bin/grep'
INSTALL_DATA='${INSTALL} -m 644'
INSTALL_PROGRAM='${INSTALL}'
INSTALL_SCRIPT='${INSTALL}'
INSTALL_STRIP_PROGRAM='$(install_sh) -c -s'
LD='/Applications/Xcode.app/Contents/Developer/Toolchains/XcodeDefault.xctoolchain/usr/bin/ld'
LDFLAGS=''
LIBOBJS=' ${LIBOBJDIR}lstat$U.o'
LIBS='-lm '
LIBTOOL='$(SHELL) $(top_builddir)/libtool --preserve-dup-deps'
LIPO='lipo'
LN_S='ln -s'
LTLIBOBJS=' ${LIBOBJDIR}lstat$U.lo'
MAKEINFO='${SHELL} /Users/xiadan/scws-1.2.1/missing --run makeinfo'
MKDIR_P='./install-sh -c -d'
NM='/usr/bin/nm'
NMEDIT='nmedit'
OBJEXT='o'
OTOOL64=':'
OTOOL='otool'
PACKAGE='scws'
PACKAGE_BUGREPORT='http://www.xunsearch.com/scws'
PACKAGE_NAME='scws'
PACKAGE_STRING='scws 1.2.1'
PACKAGE_TARNAME='scws'
PACKAGE_URL=''
PACKAGE_VERSION='1.2.1'
PATH_SEPARATOR=':'
RANLIB='ranlib'
SED='/usr/bin/sed'
SET_MAKE=''
SHARED_LIB_VERSION='2:0:1'
SHELL='/bin/sh'
STRIP='strip'
VERSION='1.2.1'
ac_ct_CC='gcc'
ac_ct_DUMPBIN=''
am__fastdepCC_FALSE='#'
am__fastdepCC_TRUE=''
am__include='include'
am__isrc=''
am__leading_dot='.'
am__quote=''
am__tar='${AMTAR} chof - "$$tardir"'
am__untar='${AMTAR} xf -'
bindir='${exec_prefix}/bin'
build='i386-apple-darwin15.3.0'
build_alias=''
build_cpu='i386'
build_os='darwin15.3.0'
build_vendor='apple'
datadir='${datarootdir}'
datarootdir='${prefix}/share'
docdir='${datarootdir}/doc/${PACKAGE_TARNAME}'
dvidir='${docdir}'
exec_prefix='${prefix}'
host='i386-apple-darwin15.3.0'
host_alias=''
host_cpu='i386'
host_os='darwin15.3.0'
host_vendor='apple'
htmldir='${docdir}'
includedir='${prefix}/include'
infodir='${datarootdir}/info'
install_sh='$(SHELL) /Users/xiadan/scws-1.2.1/install-sh'
libdir='${exec_prefix}/lib'
libexecdir='${exec_prefix}/libexec'
localedir='${datarootdir}/locale'
localstatedir='${prefix}/var'
lt_ECHO='/bin/echo'
mandir='${datarootdir}/man'
mkdir_p='$(top_builddir)/./install-sh -c -d'
oldincludedir='/usr/include'
pdfdir='${docdir}'
prefix='/usr/local'
program_transform_name='s,x,x,'
psdir='${docdir}'
sbindir='${exec_prefix}/sbin'
sharedstatedir='${prefix}/com'
sysconfdir='${prefix}/etc'
target_alias=''

## ----------- ##
## confdefs.h. ##
## ----------- ##

/* confdefs.h */
#define PACKAGE_NAME "scws"
#define PACKAGE_TARNAME "scws"
#define PACKAGE_VERSION "1.2.1"
#define PACKAGE_STRING "scws 1.2.1"
#define PACKAGE_BUGREPORT "http://www.xunsearch.com/scws"
#define PACKAGE_URL ""
#define PACKAGE "scws"
#define VERSION "1.2.1"
#define STDC_HEADERS 1
#define HAVE_SYS_TYPES_H 1
#define HAVE_SYS_STAT_H 1
#define HAVE_STDLIB_H 1
#define HAVE_STRING_H 1
#define HAVE_MEMORY_H 1
#define HAVE_STRINGS_H 1
#define HAVE_INTTYPES_H 1
#define HAVE_STDINT_H 1
#define HAVE_UNISTD_H 1
#define HAVE_DLFCN_H 1
#define LT_OBJDIR ".libs/"
#define HAVE_LIBM 1
#define HAVE_FCNTL_H 1
#define HAVE_NETINET_IN_H 1
#define HAVE_MATH_H 1
#define HAVE_STDLIB_H 1
#define HAVE_STRING_H 1
#define HAVE_SYS_FILE_H 1
#define HAVE_SYS_PARAM_H 1
#define HAVE_SYS_TIME_H 1
#define HAVE_UNISTD_H 1
#define TIME_WITH_SYS_TIME 1
#define SIZEOF_INT 4
#define SIZEOF_FLOAT 4
#define HAVE_STRUCT_FLOCK 1
#define HAVE_STDLIB_H 1
#define HAVE_UNISTD_H 1
#define HAVE_SYS_PARAM_H 1
#define HAVE_GETPAGESIZE 1
#define HAVE_MMAP 1
#define HAVE_FLOCK 1
#define HAVE_GETTIMEOFDAY 1
#define HAVE_MALLOC 1
#define HAVE_MEMSET 1
#define HAVE_MUNMAP 1
#define HAVE_POW 1
#define HAVE_REALPATH 1
#define HAVE_STRCASECMP 1
#define HAVE_STRCHR 1
#define HAVE_STRDUP 1
#define HAVE_STRRCHR 1
#define HAVE_STRNDUP 1
#define HAVE_STRTOK_R 1

configure: exit 0
